<?xml version="1.0" encoding="UTF-8"?>
<!-- Generated by org.testng.reporters.JUnitReportReporter -->
<testsuite skipped="0" hostname="DESKTOP-78FCVLQ" name="Execution.Homeex" tests="1" failures="0" timestamp="15 Mar 2018 15:09:37 GMT" time="36.036" errors="0">
  <testcase name="Signin" time="36.036" classname="Execution.Homeex"/>
</testsuite> <!-- Execution.Homeex -->
