<?xml version="1.0" encoding="UTF-8"?>
<!-- Generated by org.testng.reporters.JUnitReportReporter -->
<testsuite skipped="0" hostname="DESKTOP-78FCVLQ" name="Execution.Logoutex" tests="1" failures="0" timestamp="15 Mar 2018 15:12:13 GMT" time="38.779" errors="0">
  <testcase name="Signin" time="38.779" classname="Execution.Logoutex"/>
</testsuite> <!-- Execution.Logoutex -->
