<?xml version="1.0" encoding="UTF-8"?>
<!-- Generated by org.testng.reporters.JUnitReportReporter -->
<testsuite skipped="0" hostname="DESKTOP-78FCVLQ" name="Execution.Viewdivisionex" tests="1" failures="0" timestamp="15 Mar 2018 15:13:36 GMT" time="49.160" errors="0">
  <testcase name="Signin" time="49.160" classname="Execution.Viewdivisionex"/>
</testsuite> <!-- Execution.Viewdivisionex -->
